[2021-12-20T22:14:55.059] [INFO] app - url: /user/login
[2021-12-20T22:14:55.060] [INFO] app - date: Mon Dec 20 2021 22:14:55 GMT+0800 (中国标准时间)
[2021-12-20T22:14:55.060] [INFO] app - get: {}
[2021-12-20T22:14:55.061] [INFO] app - params: undefined
[2021-12-20T22:15:35.459] [INFO] app - --------------------
[2021-12-20T22:15:35.459] [INFO] app - url: /user/login
[2021-12-20T22:15:35.460] [INFO] app - date: Mon Dec 20 2021 22:15:35 GMT+0800 (中国标准时间)
[2021-12-20T22:15:35.462] [INFO] app - get: {}
[2021-12-20T22:15:35.462] [INFO] app - params: undefined
[2021-12-20T22:15:35.462] [INFO] app - --------------------
[2021-12-20T22:15:48.595] [INFO] app - --------------------
[2021-12-20T22:15:48.596] [INFO] app - url: /user/logi
[2021-12-20T22:15:48.596] [INFO] app - date: Mon Dec 20 2021 22:15:48 GMT+0800 (中国标准时间)
[2021-12-20T22:15:48.596] [INFO] app - get: {}
[2021-12-20T22:15:48.597] [INFO] app - params: undefined
[2021-12-20T22:15:48.597] [INFO] app - --------------------
[2021-12-20T22:15:48.598] [ERROR] app - SomeThing is wrong: 404
[2021-12-20T22:19:25.190] [INFO] app - --------------------
[2021-12-20T22:19:25.191] [INFO] app - url: /user/logi
[2021-12-20T22:19:25.191] [INFO] app - date: Mon Dec 20 2021 22:19:25 GMT+0800 (中国标准时间)
[2021-12-20T22:19:25.192] [INFO] app - get: {}
[2021-12-20T22:19:25.192] [INFO] app - params: undefined
[2021-12-20T22:19:25.192] [INFO] app - --------------------
[2021-12-20T22:19:25.207] [ERROR] app - Not Found: 404
[2021-12-20T22:19:25.208] [ERROR] app - Not Found
[2021-12-20T22:19:35.592] [INFO] app - --------------------
[2021-12-20T22:19:35.592] [INFO] app - url: /user/login
[2021-12-20T22:19:35.592] [INFO] app - date: Mon Dec 20 2021 22:19:35 GMT+0800 (中国标准时间)
[2021-12-20T22:19:35.593] [INFO] app - get: {}
[2021-12-20T22:19:35.593] [INFO] app - params: undefined
[2021-12-20T22:19:35.593] [INFO] app - --------------------
[2021-12-20T22:19:53.078] [INFO] app - --------------------
[2021-12-20T22:19:53.078] [INFO] app - url: /user/login
[2021-12-20T22:19:53.078] [INFO] app - date: Mon Dec 20 2021 22:19:53 GMT+0800 (中国标准时间)
[2021-12-20T22:19:53.078] [INFO] app - get: {}
[2021-12-20T22:19:53.078] [INFO] app - params: undefined
[2021-12-20T22:19:53.079] [INFO] app - --------------------
[2021-12-20T22:19:53.080] [ERROR] app - username is wrong type
[2021-12-20T22:34:39.272] [INFO] app - --------------------
[2021-12-20T22:34:39.273] [INFO] app - url: /user/login
[2021-12-20T22:34:39.273] [INFO] app - date: Mon Dec 20 2021 22:34:39 GMT+0800 (中国标准时间)
[2021-12-20T22:34:39.274] [INFO] app - get: {}
[2021-12-20T22:34:39.274] [INFO] app - params: undefined
[2021-12-20T22:34:39.274] [INFO] app - --------------------
[2021-12-26T20:53:43.197] [INFO] app - --------------------
[2021-12-26T20:53:43.199] [INFO] app - url: /user/login
[2021-12-26T20:53:43.204] [INFO] app - date: Sun Dec 26 2021 20:53:43 GMT+0800 (中国标准时间)
[2021-12-26T20:53:43.204] [INFO] app - get: {}
[2021-12-26T20:53:43.204] [INFO] app - params: undefined
[2021-12-26T20:53:43.204] [INFO] app - --------------------
[2021-12-26T20:54:17.647] [INFO] app - --------------------
[2021-12-26T20:54:17.648] [INFO] app - url: /articles
[2021-12-26T20:54:17.648] [INFO] app - date: Sun Dec 26 2021 20:54:17 GMT+0800 (中国标准时间)
[2021-12-26T20:54:17.648] [INFO] app - get: {}
[2021-12-26T20:54:17.648] [INFO] app - params: undefined
[2021-12-26T20:54:17.648] [INFO] app - --------------------
[2021-12-26T20:54:17.650] [ERROR] app - ENOENT: no such file or directory, scandir '../source/posts'
[2021-12-26T20:54:42.153] [INFO] app - --------------------
[2021-12-26T20:54:42.154] [INFO] app - url: /articles
[2021-12-26T20:54:42.154] [INFO] app - date: Sun Dec 26 2021 20:54:42 GMT+0800 (中国标准时间)
[2021-12-26T20:54:42.155] [INFO] app - get: {}
[2021-12-26T20:54:42.155] [INFO] app - params: undefined
[2021-12-26T20:54:42.155] [INFO] app - --------------------
[2021-12-26T20:54:42.159] [ERROR] app - ENOENT: no such file or directory, scandir '../source/posts'
[2021-12-26T20:55:21.806] [INFO] app - --------------------
[2021-12-26T20:55:21.807] [INFO] app - url: /articles
[2021-12-26T20:55:21.807] [INFO] app - date: Sun Dec 26 2021 20:55:21 GMT+0800 (中国标准时间)
[2021-12-26T20:55:21.808] [INFO] app - get: {}
[2021-12-26T20:55:21.808] [INFO] app - params: undefined
[2021-12-26T20:55:21.809] [INFO] app - --------------------
[2021-12-26T20:55:21.814] [ERROR] app - ENOENT: no such file or directory, scandir '../source/posts'
[2021-12-26T20:55:39.426] [INFO] app - --------------------
[2021-12-26T20:55:39.427] [INFO] app - url: /articles
[2021-12-26T20:55:39.428] [INFO] app - date: Sun Dec 26 2021 20:55:39 GMT+0800 (中国标准时间)
[2021-12-26T20:55:39.429] [INFO] app - get: {}
[2021-12-26T20:55:39.429] [INFO] app - params: undefined
[2021-12-26T20:55:39.429] [INFO] app - --------------------
[2021-12-26T20:55:39.432] [ERROR] app - ENOENT: no such file or directory, scandir '../source/posts'
[2021-12-26T20:56:13.416] [INFO] app - --------------------
[2021-12-26T20:56:13.417] [INFO] app - url: /articles
[2021-12-26T20:56:13.417] [INFO] app - date: Sun Dec 26 2021 20:56:13 GMT+0800 (中国标准时间)
[2021-12-26T20:56:13.418] [INFO] app - get: {}
[2021-12-26T20:56:13.418] [INFO] app - params: undefined
[2021-12-26T20:56:13.418] [INFO] app - --------------------
[2021-12-26T21:00:06.931] [INFO] app - --------------------
[2021-12-26T21:00:06.932] [INFO] app - url: /articles
[2021-12-26T21:00:06.932] [INFO] app - date: Sun Dec 26 2021 21:00:06 GMT+0800 (中国标准时间)
[2021-12-26T21:00:06.933] [INFO] app - get: {}
[2021-12-26T21:00:06.933] [INFO] app - params: undefined
[2021-12-26T21:00:06.933] [INFO] app - --------------------
[2021-12-26T21:00:26.434] [INFO] app - --------------------
[2021-12-26T21:00:26.435] [INFO] app - url: /articles
[2021-12-26T21:00:26.435] [INFO] app - date: Sun Dec 26 2021 21:00:26 GMT+0800 (中国标准时间)
[2021-12-26T21:00:26.436] [INFO] app - get: {}
[2021-12-26T21:00:26.436] [INFO] app - params: undefined
[2021-12-26T21:00:26.436] [INFO] app - --------------------
[2021-12-26T21:02:00.712] [INFO] app - --------------------
[2021-12-26T21:02:00.714] [INFO] app - url: /articles
[2021-12-26T21:02:00.714] [INFO] app - date: Sun Dec 26 2021 21:02:00 GMT+0800 (中国标准时间)
[2021-12-26T21:02:00.715] [INFO] app - get: {}
[2021-12-26T21:02:00.715] [INFO] app - params: undefined
[2021-12-26T21:02:00.716] [INFO] app - --------------------
[2021-12-26T21:02:00.720] [ERROR] app - ENOENT: no such file or directory, open '/Users/yaobojun/Hacking/Node/koa-node/src/source/postsCss in Js-emotion.md'
[2021-12-26T21:02:19.788] [INFO] app - --------------------
[2021-12-26T21:02:19.789] [INFO] app - url: /articles
[2021-12-26T21:02:19.789] [INFO] app - date: Sun Dec 26 2021 21:02:19 GMT+0800 (中国标准时间)
[2021-12-26T21:02:19.789] [INFO] app - get: {}
[2021-12-26T21:02:19.789] [INFO] app - params: undefined
[2021-12-26T21:02:19.790] [INFO] app - --------------------
[2021-12-26T21:04:50.135] [INFO] app - --------------------
[2021-12-26T21:04:50.136] [INFO] app - url: /articles
[2021-12-26T21:04:50.136] [INFO] app - date: Sun Dec 26 2021 21:04:50 GMT+0800 (中国标准时间)
[2021-12-26T21:04:50.137] [INFO] app - get: {}
[2021-12-26T21:04:50.137] [INFO] app - params: undefined
[2021-12-26T21:04:50.137] [INFO] app - --------------------
[2021-12-26T21:05:05.500] [INFO] app - --------------------
[2021-12-26T21:05:05.500] [INFO] app - url: /articles
[2021-12-26T21:05:05.501] [INFO] app - date: Sun Dec 26 2021 21:05:05 GMT+0800 (中国标准时间)
[2021-12-26T21:05:05.501] [INFO] app - get: {}
[2021-12-26T21:05:05.502] [INFO] app - params: undefined
[2021-12-26T21:05:05.502] [INFO] app - --------------------
[2021-12-26T21:10:42.704] [INFO] app - --------------------
[2021-12-26T21:10:42.705] [INFO] app - url: /articles
[2021-12-26T21:10:42.706] [INFO] app - date: Sun Dec 26 2021 21:10:42 GMT+0800 (中国标准时间)
[2021-12-26T21:10:42.706] [INFO] app - get: {}
[2021-12-26T21:10:42.706] [INFO] app - params: undefined
[2021-12-26T21:10:42.706] [INFO] app - --------------------
[2021-12-26T21:15:48.105] [INFO] app - --------------------
[2021-12-26T21:15:48.106] [INFO] app - url: /articles
[2021-12-26T21:15:48.106] [INFO] app - date: Sun Dec 26 2021 21:15:48 GMT+0800 (中国标准时间)
[2021-12-26T21:15:48.107] [INFO] app - get: {}
[2021-12-26T21:15:48.107] [INFO] app - params: undefined
[2021-12-26T21:15:48.107] [INFO] app - --------------------
[2021-12-26T21:16:40.497] [INFO] app - --------------------
[2021-12-26T21:16:40.499] [INFO] app - url: /articles
[2021-12-26T21:16:40.499] [INFO] app - date: Sun Dec 26 2021 21:16:40 GMT+0800 (中国标准时间)
[2021-12-26T21:16:40.500] [INFO] app - get: {}
[2021-12-26T21:16:40.501] [INFO] app - params: undefined
[2021-12-26T21:16:40.501] [INFO] app - --------------------
[2021-12-26T21:16:52.000] [INFO] app - --------------------
[2021-12-26T21:16:52.002] [INFO] app - url: /articles
[2021-12-26T21:16:52.003] [INFO] app - date: Sun Dec 26 2021 21:16:52 GMT+0800 (中国标准时间)
[2021-12-26T21:16:52.004] [INFO] app - get: {}
[2021-12-26T21:16:52.004] [INFO] app - params: undefined
[2021-12-26T21:16:52.004] [INFO] app - --------------------
[2021-12-26T21:22:11.650] [INFO] app - --------------------
[2021-12-26T21:22:11.651] [INFO] app - url: /articles
[2021-12-26T21:22:11.652] [INFO] app - date: Sun Dec 26 2021 21:22:11 GMT+0800 (中国标准时间)
[2021-12-26T21:22:11.653] [INFO] app - get: {}
[2021-12-26T21:22:11.653] [INFO] app - params: undefined
[2021-12-26T21:22:11.653] [INFO] app - --------------------
[2021-12-26T21:22:33.855] [INFO] app - --------------------
[2021-12-26T21:22:33.855] [INFO] app - url: /articles
[2021-12-26T21:22:33.856] [INFO] app - date: Sun Dec 26 2021 21:22:33 GMT+0800 (中国标准时间)
[2021-12-26T21:22:33.856] [INFO] app - get: {}
[2021-12-26T21:22:33.856] [INFO] app - params: undefined
[2021-12-26T21:22:33.856] [INFO] app - --------------------
[2021-12-26T21:24:22.025] [INFO] app - --------------------
[2021-12-26T21:24:22.027] [INFO] app - url: /articles
[2021-12-26T21:24:22.028] [INFO] app - date: Sun Dec 26 2021 21:24:22 GMT+0800 (中国标准时间)
[2021-12-26T21:24:22.028] [INFO] app - get: {}
[2021-12-26T21:24:22.029] [INFO] app - params: undefined
[2021-12-26T21:24:22.029] [INFO] app - --------------------
[2021-12-26T21:24:41.196] [INFO] app - --------------------
[2021-12-26T21:24:41.197] [INFO] app - url: /articles
[2021-12-26T21:24:41.197] [INFO] app - date: Sun Dec 26 2021 21:24:41 GMT+0800 (中国标准时间)
[2021-12-26T21:24:41.198] [INFO] app - get: {}
[2021-12-26T21:24:41.198] [INFO] app - params: undefined
[2021-12-26T21:24:41.198] [INFO] app - --------------------
[2021-12-26T21:24:53.471] [INFO] app - --------------------
[2021-12-26T21:24:53.472] [INFO] app - url: /articles
[2021-12-26T21:24:53.472] [INFO] app - date: Sun Dec 26 2021 21:24:53 GMT+0800 (中国标准时间)
[2021-12-26T21:24:53.473] [INFO] app - get: {}
[2021-12-26T21:24:53.473] [INFO] app - params: undefined
[2021-12-26T21:24:53.473] [INFO] app - --------------------
[2021-12-26T21:32:12.553] [INFO] app - --------------------
[2021-12-26T21:32:12.554] [INFO] app - url: /articles
[2021-12-26T21:32:12.555] [INFO] app - date: Sun Dec 26 2021 21:32:12 GMT+0800 (中国标准时间)
[2021-12-26T21:32:12.556] [INFO] app - get: {}
[2021-12-26T21:32:12.556] [INFO] app - params: undefined
[2021-12-26T21:32:12.556] [INFO] app - --------------------
[2021-12-26T21:32:12.563] [ERROR] app - Cannot read properties of null (reading '1')
[2021-12-26T21:34:29.421] [INFO] app - --------------------
[2021-12-26T21:34:29.422] [INFO] app - url: /articles
[2021-12-26T21:34:29.423] [INFO] app - date: Sun Dec 26 2021 21:34:29 GMT+0800 (中国标准时间)
[2021-12-26T21:34:29.424] [INFO] app - get: {}
[2021-12-26T21:34:29.424] [INFO] app - params: undefined
[2021-12-26T21:34:29.424] [INFO] app - --------------------
[2021-12-26T21:34:29.428] [ERROR] app - Cannot read properties of null (reading '1')
[2021-12-26T21:34:46.792] [INFO] app - --------------------
[2021-12-26T21:34:46.793] [INFO] app - url: /articles
[2021-12-26T21:34:46.794] [INFO] app - date: Sun Dec 26 2021 21:34:46 GMT+0800 (中国标准时间)
[2021-12-26T21:34:46.795] [INFO] app - get: {}
[2021-12-26T21:34:46.795] [INFO] app - params: undefined
[2021-12-26T21:34:46.795] [INFO] app - --------------------
[2021-12-26T21:34:46.800] [ERROR] app - Cannot read properties of null (reading '1')
[2021-12-26T21:37:07.791] [INFO] app - --------------------
[2021-12-26T21:37:07.793] [INFO] app - url: /articles
[2021-12-26T21:37:07.793] [INFO] app - date: Sun Dec 26 2021 21:37:07 GMT+0800 (中国标准时间)
[2021-12-26T21:37:07.794] [INFO] app - get: {}
[2021-12-26T21:37:07.794] [INFO] app - params: undefined
[2021-12-26T21:37:07.795] [INFO] app - --------------------
[2021-12-26T21:37:07.800] [ERROR] app - Cannot read properties of null (reading '1')
[2021-12-26T21:40:08.622] [INFO] app - --------------------
[2021-12-26T21:40:08.623] [INFO] app - url: /articles
[2021-12-26T21:40:08.623] [INFO] app - date: Sun Dec 26 2021 21:40:08 GMT+0800 (中国标准时间)
[2021-12-26T21:40:08.624] [INFO] app - get: {}
[2021-12-26T21:40:08.624] [INFO] app - params: undefined
[2021-12-26T21:40:08.624] [INFO] app - --------------------
[2021-12-27T23:03:52.984] [INFO] app - --------------------
[2021-12-27T23:03:52.985] [INFO] app - url: /articles
[2021-12-27T23:03:52.986] [INFO] app - date: Mon Dec 27 2021 23:03:52 GMT+0800 (中国标准时间)
[2021-12-27T23:03:52.987] [INFO] app - get: {}
[2021-12-27T23:03:52.987] [INFO] app - params: undefined
[2021-12-27T23:03:52.988] [INFO] app - --------------------
[2021-12-27T23:04:13.313] [INFO] app - --------------------
[2021-12-27T23:04:13.314] [INFO] app - url: /articles
[2021-12-27T23:04:13.315] [INFO] app - date: Mon Dec 27 2021 23:04:13 GMT+0800 (中国标准时间)
[2021-12-27T23:04:13.315] [INFO] app - get: {}
[2021-12-27T23:04:13.315] [INFO] app - params: undefined
[2021-12-27T23:04:13.316] [INFO] app - --------------------
