[2021-12-20T22:15:48.598] [ERROR] app - SomeThing is wrong: 404
[2021-12-20T22:19:25.207] [ERROR] app - Not Found: 404
[2021-12-20T22:19:25.208] [ERROR] app - Not Found
[2021-12-20T22:19:53.080] [ERROR] app - username is wrong type
[2021-12-26T20:54:17.650] [ERROR] app - ENOENT: no such file or directory, scandir '../source/posts'
[2021-12-26T20:54:42.159] [ERROR] app - ENOENT: no such file or directory, scandir '../source/posts'
[2021-12-26T20:55:21.814] [ERROR] app - ENOENT: no such file or directory, scandir '../source/posts'
[2021-12-26T20:55:39.432] [ERROR] app - ENOENT: no such file or directory, scandir '../source/posts'
[2021-12-26T21:02:00.720] [ERROR] app - ENOENT: no such file or directory, open '/Users/yaobojun/Hacking/Node/koa-node/src/source/postsCss in Js-emotion.md'
[2021-12-26T21:32:12.563] [ERROR] app - Cannot read properties of null (reading '1')
[2021-12-26T21:34:29.428] [ERROR] app - Cannot read properties of null (reading '1')
[2021-12-26T21:34:46.800] [ERROR] app - Cannot read properties of null (reading '1')
[2021-12-26T21:37:07.800] [ERROR] app - Cannot read properties of null (reading '1')
[2021-12-31T18:30:12.806] [ERROR] app - Not Found: 404
[2021-12-31T18:30:12.807] [ERROR] app - Not Found
[2021-12-31T18:34:27.776] [ERROR] app - Not Found: 404
[2021-12-31T18:34:27.777] [ERROR] app - Not Found
[2021-12-31T18:34:33.262] [ERROR] app - Not Found: 404
[2021-12-31T18:34:33.263] [ERROR] app - Not Found
[2022-01-01T13:23:28.980] [ERROR] app - ENOENT: no such file or directory, open '/Users/yaobojun/Hacking/Node/koa-node/src/source/posts/ss.md'
[2022-01-01T13:23:33.785] [ERROR] app - ENOENT: no such file or directory, open '/Users/yaobojun/Hacking/Node/koa-node/src/source/posts/ss.md'
[2022-01-01T13:44:00.922] [ERROR] app - ENOENT: no such file or directory, open '/Users/yaobojun/Hacking/Node/koa-node/src/source/posts/ss.md'
[2022-01-01T13:44:00.972] [ERROR] app - ENOENT: no such file or directory, open '/Users/yaobojun/Hacking/Node/koa-node/src/source/posts/ss.md'
[2022-01-01T14:02:07.768] [ERROR] app - ENOENT: no such file or directory, open '/Users/yaobojun/Hacking/Node/koa-node/src/source/posts/ReactNative中封装一个组件.md'
[2022-01-01T14:02:18.451] [ERROR] app - ENOENT: no such file or directory, open '/Users/yaobojun/Hacking/Node/koa-node/src/source/posts/ReactNative中封装一个组件.md'
[2022-01-01T14:02:43.783] [ERROR] app - ENOENT: no such file or directory, open '/Users/yaobojun/Hacking/Node/koa-node/src/source/posts/ReactNative中封装一个组件.md'
[2022-01-15T15:56:37.698] [ERROR] app - ctx.verifyParams is not a function
[2022-01-15T15:57:11.236] [ERROR] app - ctx.verifyParams is not a function
[2022-01-15T15:57:22.987] [ERROR] app - ctx.verifyParams is not a function
[2022-01-15T15:58:49.672] [ERROR] app - ctx.verifyParams is not a function
